<?xml version="1.0" encoding="UTF-8"?>
<testng-results skipped="0" failed="0" ignored="0" total="1" passed="1">
  <reporter-output>
  </reporter-output>
  <suite name="Default suite" duration-ms="4224" started-at="2018-09-25T03:14:30Z" finished-at="2018-09-25T03:14:34Z">
    <groups>
    </groups>
    <test name="Default test" duration-ms="4224" started-at="2018-09-25T03:14:30Z" finished-at="2018-09-25T03:14:34Z">
      <class name="com.subway.test.DriverOpenTest">
        <test-method status="PASS" signature="opendiver()[pri:0, instance:com.subway.test.DriverOpenTest@63a65a25]" name="opendiver" duration-ms="4195" started-at="2018-09-24T23:14:30Z" finished-at="2018-09-24T23:14:34Z">
          <reporter-output>
          </reporter-output>
        </test-method> <!-- opendiver -->
      </class> <!-- com.subway.test.DriverOpenTest -->
    </test> <!-- Default test -->
  </suite> <!-- Default suite -->
</testng-results>
